[8/3/2017 2:01:26 PM] [Info] [registered] /admins (Rocket.Unturned.Commands.UnturnedCommands/admins)
[8/3/2017 2:01:26 PM] [Info] [registered] /airdrop (Rocket.Unturned.Commands.UnturnedCommands/airdrop)
[8/3/2017 2:01:26 PM] [Info] [registered] /ban (Rocket.Unturned.Commands.UnturnedCommands/ban)
[8/3/2017 2:01:26 PM] [Info] [registered] /bans (Rocket.Unturned.Commands.UnturnedCommands/bans)
[8/3/2017 2:01:26 PM] [Info] [registered] /bind (Rocket.Unturned.Commands.UnturnedCommands/bind)
[8/3/2017 2:01:26 PM] [Info] [registered] /chatrate (Rocket.Unturned.Commands.UnturnedCommands/chatrate)
[8/3/2017 2:01:26 PM] [Info] [registered] /cheats (Rocket.Unturned.Commands.UnturnedCommands/cheats)
[8/3/2017 2:01:26 PM] [Info] [registered] /cycle (Rocket.Unturned.Commands.UnturnedCommands/cycle)
[8/3/2017 2:01:26 PM] [Info] [registered] /day (Rocket.Unturned.Commands.UnturnedCommands/day)
[8/3/2017 2:01:26 PM] [Info] [registered] /debug (Rocket.Unturned.Commands.UnturnedCommands/debug)
[8/3/2017 2:01:26 PM] [Info] [registered] /experience (Rocket.Unturned.Commands.UnturnedCommands/experience)
[8/3/2017 2:01:26 PM] [Info] [registered] /filter (Rocket.Unturned.Commands.UnturnedCommands/filter)
[8/3/2017 2:01:26 PM] [Info] [registered] /flag (Rocket.Unturned.Commands.UnturnedCommands/flag)
[8/3/2017 2:01:26 PM] [Info] [registered] /gamemode (Rocket.Unturned.Commands.UnturnedCommands/gamemode)
[8/3/2017 2:01:26 PM] [Info] [registered] /give (Rocket.Unturned.Commands.UnturnedCommands/give)
[8/3/2017 2:01:26 PM] [Info] [registered] /gold (Rocket.Unturned.Commands.UnturnedCommands/gold)
[8/3/2017 2:01:26 PM] [Info] [registered] /hide_admins (Rocket.Unturned.Commands.UnturnedCommands/hide_admins)
[8/3/2017 2:01:26 PM] [Info] [registered] /kick (Rocket.Unturned.Commands.UnturnedCommands/kick)
[8/3/2017 2:01:26 PM] [Info] [registered] /kill (Rocket.Unturned.Commands.UnturnedCommands/kill)
[8/3/2017 2:01:26 PM] [Info] [registered] /loadout (Rocket.Unturned.Commands.UnturnedCommands/loadout)
[8/3/2017 2:01:26 PM] [Info] [registered] /log (Rocket.Unturned.Commands.UnturnedCommands/log)
[8/3/2017 2:01:26 PM] [Info] [registered] /map (Rocket.Unturned.Commands.UnturnedCommands/map)
[8/3/2017 2:01:26 PM] [Info] [registered] /maxplayers (Rocket.Unturned.Commands.UnturnedCommands/maxplayers)
[8/3/2017 2:01:26 PM] [Info] [registered] /mode (Rocket.Unturned.Commands.UnturnedCommands/mode)
[8/3/2017 2:01:26 PM] [Info] [registered] /modules (Rocket.Unturned.Commands.UnturnedCommands/modules)
[8/3/2017 2:01:26 PM] [Info] [registered] /name (Rocket.Unturned.Commands.UnturnedCommands/name)
[8/3/2017 2:01:26 PM] [Info] [registered] /night (Rocket.Unturned.Commands.UnturnedCommands/night)
[8/3/2017 2:01:26 PM] [Info] [registered] /owner (Rocket.Unturned.Commands.UnturnedCommands/owner)
[8/3/2017 2:01:26 PM] [Info] [registered] /password (Rocket.Unturned.Commands.UnturnedCommands/password)
[8/3/2017 2:01:26 PM] [Info] [registered] /permit (Rocket.Unturned.Commands.UnturnedCommands/permit)
[8/3/2017 2:01:26 PM] [Info] [registered] /permits (Rocket.Unturned.Commands.UnturnedCommands/permits)
[8/3/2017 2:01:26 PM] [Info] [registered] /perspective (Rocket.Unturned.Commands.UnturnedCommands/perspective)
[8/3/2017 2:01:26 PM] [Info] [registered] /players (Rocket.Unturned.Commands.UnturnedCommands/players)
[8/3/2017 2:01:26 PM] [Info] [registered] /port (Rocket.Unturned.Commands.UnturnedCommands/port)
[8/3/2017 2:01:26 PM] [Info] [registered] /pve (Rocket.Unturned.Commands.UnturnedCommands/pve)
[8/3/2017 2:01:26 PM] [Info] [registered] /quest (Rocket.Unturned.Commands.UnturnedCommands/quest)
[8/3/2017 2:01:26 PM] [Info] [registered] /queue_size (Rocket.Unturned.Commands.UnturnedCommands/queue_size)
[8/3/2017 2:01:26 PM] [Info] [registered] /reputation (Rocket.Unturned.Commands.UnturnedCommands/reputation)
[8/3/2017 2:01:26 PM] [Info] [registered] /resetconfig (Rocket.Unturned.Commands.UnturnedCommands/resetconfig)
[8/3/2017 2:01:26 PM] [Info] [registered] /save (Rocket.Unturned.Commands.UnturnedCommands/save)
[8/3/2017 2:01:26 PM] [Info] [registered] /say (Rocket.Unturned.Commands.UnturnedCommands/say)
[8/3/2017 2:01:26 PM] [Info] [registered] /shutdown (Rocket.Unturned.Commands.UnturnedCommands/shutdown)
[8/3/2017 2:01:26 PM] [Info] [registered] /slay (Rocket.Unturned.Commands.UnturnedCommands/slay)
[8/3/2017 2:01:26 PM] [Info] [registered] /spy (Rocket.Unturned.Commands.UnturnedCommands/spy)
[8/3/2017 2:01:26 PM] [Info] [registered] /sync (Rocket.Unturned.Commands.UnturnedCommands/sync)
[8/3/2017 2:01:26 PM] [Info] [registered] /teleport (Rocket.Unturned.Commands.UnturnedCommands/teleport)
[8/3/2017 2:01:26 PM] [Info] [registered] /time (Rocket.Unturned.Commands.UnturnedCommands/time)
[8/3/2017 2:01:26 PM] [Info] [registered] /timeout (Rocket.Unturned.Commands.UnturnedCommands/timeout)
[8/3/2017 2:01:26 PM] [Info] [registered] /unban (Rocket.Unturned.Commands.UnturnedCommands/unban)
[8/3/2017 2:01:26 PM] [Info] [registered] /unpermit (Rocket.Unturned.Commands.UnturnedCommands/unpermit)
[8/3/2017 2:01:26 PM] [Info] [registered] /vehicle (Rocket.Unturned.Commands.UnturnedCommands/vehicle)
[8/3/2017 2:01:26 PM] [Info] [registered] /votify (Rocket.Unturned.Commands.UnturnedCommands/votify)
[8/3/2017 2:01:26 PM] [Info] [registered] /weather (Rocket.Unturned.Commands.UnturnedCommands/weather)
[8/3/2017 2:01:26 PM] [Info] [registered] /welcome (Rocket.Unturned.Commands.UnturnedCommands/welcome)
[8/3/2017 2:01:26 PM] [Info] [registered] /whitelisted (Rocket.Unturned.Commands.UnturnedCommands/whitelisted)
[8/3/2017 2:01:26 PM] [Info] [registered] /more (Rocket.Unturned.Commands.CommandMore/more)
[8/3/2017 2:01:26 PM] [Info] [registered] /admin (Rocket.Unturned.Commands.CommandAdmin/admin)
[8/3/2017 2:01:26 PM] [Info] [registered] /broadcast (Rocket.Unturned.Commands.CommandBroadcast/broadcast)
[8/3/2017 2:01:26 PM] [Info] [registered] /compass (Rocket.Unturned.Commands.CommandCompass/compass)
[8/3/2017 2:01:26 PM] [Info] [registered] /effect (Rocket.Unturned.Commands.CommandEffect/effect)
[8/3/2017 2:01:26 PM] [Info] [registered] /exit (Rocket.Unturned.Commands.CommandExit/exit)
[8/3/2017 2:01:26 PM] [Info] [registered] /god (Rocket.Unturned.Commands.CommandGod/god)
[8/3/2017 2:01:26 PM] [Info] [registered] /heal (Rocket.Unturned.Commands.CommandHeal/heal)
[8/3/2017 2:01:26 PM] [Info] [registered] /help (Rocket.Unturned.Commands.CommandHelp/help)
[8/3/2017 2:01:26 PM] [Info] [registered] /home (Rocket.Unturned.Commands.CommandHome/home)
[8/3/2017 2:01:26 PM] [Info] [registered] /i (Rocket.Unturned.Commands.CommandI/i)
[8/3/2017 2:01:26 PM] [Info] [registered] /item (Rocket.Unturned.Commands.CommandI/item)
[8/3/2017 2:01:26 PM] [Info] [registered] /investigate (Rocket.Unturned.Commands.CommandInvestigate/investigate)
[8/3/2017 2:01:26 PM] [Info] [registered] /p (Rocket.Unturned.Commands.CommandP/p)
[8/3/2017 2:01:26 PM] [Info] [registered] /permissions (Rocket.Unturned.Commands.CommandP/permissions)
[8/3/2017 2:01:26 PM] [Info] [registered] /rocket (Rocket.Unturned.Commands.CommandRocket/rocket)
[8/3/2017 2:01:26 PM] [Info] [registered] /tp (Rocket.Unturned.Commands.CommandTp/tp)
[8/3/2017 2:01:26 PM] [Info] [registered] /tphere (Rocket.Unturned.Commands.CommandTphere/tphere)
[8/3/2017 2:01:26 PM] [Info] [registered] /unadmin (Rocket.Unturned.Commands.CommandUnadmin/unadmin)
[8/3/2017 2:01:26 PM] [Info] [registered] /v (Rocket.Unturned.Commands.CommandV/v)
[8/3/2017 2:01:26 PM] [Info] [registered] /vanish (Rocket.Unturned.Commands.CommandVanish/vanish)
[8/3/2017 2:01:26 PM] [Info] Loading RocketMod_TPA from D:\Documents\Arma_3_Server\Unturned_Server\game\Servers\[BR] ArenA Server\Rocket\Plugins\RocketMod_TPA.dll
[8/3/2017 2:01:26 PM] [Info] 
[loading] RocketMod_TPA
[8/3/2017 2:01:26 PM] [Info] [registered] /tpa (RocketMod_TPA.CommandTPA/tpa)
[8/3/2017 2:01:26 PM] [Warning] TPA by LeeIzaZombie, Version 1.7.0.2
[8/3/2017 2:01:26 PM] [Warning] ...
[8/3/2017 2:01:26 PM] [Warning] Current configuration:
[8/3/2017 2:01:26 PM] [Warning] ...
[8/3/2017 2:01:26 PM] [Warning] Cooldown TPA requests: disabled, Seconds: 20
[8/3/2017 2:01:26 PM] [Warning] Delay teleporting: disabled, Seconds: 10
[8/3/2017 2:01:26 PM] [Warning] Cancel teleport if bleeding: disabled
[8/3/2017 2:01:26 PM] [Warning] NinjaTP: disabled, EffectID: 45
[8/3/2017 2:01:26 PM] [Warning] [Delay] Cancel teleport if hurt: disabled
[8/3/2017 2:01:26 PM] [Warning] ...
[8/3/2017 2:01:26 PM] [Warning] Checking for problems:
[8/3/2017 2:01:26 PM] [Warning] No errors have been found!
[8/3/2017 2:01:26 PM] [Warning] ...
[8/3/2017 2:01:26 PM] [Warning] Always welcome to suggestions! If you find a bug, please report it!
[8/3/2017 2:01:26 PM] [Info] This server will automatically save every 1800 seconds
[8/3/2017 2:01:27 PM] [Info] Steam servers ready!
[8/3/2017 2:01:27 PM] [Info] Workshop install folder: D:\Documents\Arma_3_Server\Unturned_Server\game/Servers/[BR] ArenA Server/Workshop/Steam
[8/3/2017 2:01:27 PM] [Info] Downloading 0 workshop items...
[8/3/2017 2:01:27 PM] [Info] General: Survival
[8/3/2017 2:01:28 PM] [Info] Loading level: 8%
[8/3/2017 2:01:30 PM] [Info] Loading level: 16%
[8/3/2017 2:01:30 PM] [Info] Loading level: 25%
[8/3/2017 2:01:30 PM] [Info] Loading level: 33%
[8/3/2017 2:01:30 PM] [Info] Loading level: 41%
[8/3/2017 2:01:30 PM] [Info] Loading level: 50%
[8/3/2017 2:01:30 PM] [Info] Loading level: 58%
[8/3/2017 2:01:30 PM] [Info] Loading level: 66%
[8/3/2017 2:01:30 PM] [Info] Loading level: 75%
[8/3/2017 2:01:30 PM] [Info] Loading level: 83%
[8/3/2017 2:01:30 PM] [Info] Loading level: 91%
[8/3/2017 2:01:30 PM] [Info] Loading level: 100%
[8/3/2017 2:01:43 PM] [Info] 
[unloading] RocketMod_TPA
